make.exe all --print-data-base --no-builtin-variables --no-builtin-rules --question
# GNU Make 3.81
# Copyright (C) 2006  Free Software Foundation, Inc.
# This is free software; see the source for copying conditions.
# There is NO warranty; not even for MERCHANTABILITY or FITNESS FOR A
# PARTICULAR PURPOSE.

 
# This program built for i686-pc-msys
 
make.exe: *** No rule to make target `all'.  Stop.


# Make data base, printed on Thu Sep  1 21:46:09 2022

# Variables

 
# automatic
<D = $(patsubst %/,%,$(dir $<))
# automatic
?F = $(notdir $?)
# makefile
MAKEFLAGS = Rrqp
# automatic
?D = $(patsubst %/,%,$(dir $?))
# automatic
@D = $(patsubst %/,%,$(dir $@))
# environment
HOMEDRIVE = C:
# automatic
@F = $(notdir $@)
# automatic
^D = $(patsubst %/,%,$(dir $^))
# makefile
CURDIR := /e/Project/GameDevFromScratch
# default
SHELL := /bin/sh
# environment
WINDIR = C:\WINDOWS
# environment
VSCODE_NLS_CONFIG = {"locale":"zh-cn","availableLanguages":{"*":"zh-cn"},"_languagePackId":"cc0490d1397af23dc5bf44a96fe15dbb.zh-cn","_translationsConfigFile":"C:\\Users\\Administrator\\AppData\\Roaming\\Code\\clp\\cc0490d1397af23dc5bf44a96fe15dbb.zh-cn\\tcf.json","_cacheRoot":"C:\\Users\\Administrator\\AppData\\Roaming\\Code\\clp\\cc0490d1397af23dc5bf44a96fe15dbb.zh-cn","_resolvedLanguagePackCoreLocation":"C:\\Users\\Administrator\\AppData\\Roaming\\Code\\clp\\cc0490d1397af23dc5bf44a96fe15dbb.zh-cn\\e4503b30fc78200f846c62cf8091b76ff5547662","_corruptedFile":"C:\\Users\\Administrator\\AppData\\Roaming\\Code\\clp\\cc0490d1397af23dc5bf44a96fe15dbb.zh-cn\\corrupted.info","_languagePackSupport":true}
# environment
!E: = e:\Project\GameDevFromScratch
# environment
ONEDRIVE = C:\Users\Administrator\OneDrive
# environment
PATHEXT = .COM;.EXE;.BAT;.CMD;.VBS;.VBE;.JS;.JSE;.WSF;.WSH;.MSC;.PY;.PYW
# makefile
MAKEFILE_LIST := 
# environment
FPS_BROWSER_USER_PROFILE_STRING = Default
# environment
TMP = /tmp
# environment
PROGRAMW6432 = C:\Program Files
# environment
PROGRAMDATA = C:\ProgramData
# environment
VSCODE_CWD = C:\WINDOWS\System32
# environment
PATH = /e/VulkanSDK/Bin:/e/VulkanSDK/1.3.204.0/Bin:/c/Program Files/Common Files/Oracle/Java/javapath:/c/Program Files/Python310/Scripts/:/c/Program Files/Python310/:/c/Program Files/PlasticSCM5/server:/c/Program Files/PlasticSCM5/client:/c/Windows/system32:/c/Windows:/c/Windows/System32/Wbem:/c/Windows/System32/WindowsPowerShell/v1.0/:/c/Windows/System32/OpenSSH/:/c/Program Files (x86)/NVIDIA Corporation/PhysX/Common:/c/Program Files/dotnet/:/d/Program Files/CMake/bin:/c/WINDOWS/system32:/c/WINDOWS:/c/WINDOWS/System32/Wbem:/c/WINDOWS/System32/WindowsPowerShell/v1.0/:/c/WINDOWS/System32/OpenSSH/:/c/Program Files/Java/jdk-17.0.2/bin:/c/Program Files/NVIDIA Corporation/NVIDIA NvDLISR:/c/Program Files/Git/cmd:/mingw/bin:/usr/bin:/c/Users/Administrator/AppData/Local/Microsoft/WindowsApps:.:/d/Program Files/Microsoft VS Code/bin:/c/Users/Administrator/.dotnet/tools
# environment
COMMONPROGRAMW6432 = C:\Program Files\Common Files
# environment
PROCESSOR_ARCHITECTURE = x86
# environment
USERPROFILE = C:\Users\Administrator
# environment
ALLUSERSPROFILE = C:\ProgramData
# environment
NUMBER_OF_PROCESSORS = 4
# environment
ELECTRON_RUN_AS_NODE = 1
# default
.FEATURES := target-specific order-only second-expansion else-if archives jobserver check-symlink
# environment
VK_SDK_PATH = E:\VulkanSDK
# automatic
%F = $(notdir $%)
 
# environment
CHROME_CRASHPAD_PIPE_NAME = \\.\pipe\crashpad_18992_IQMRTSJQIZPGUGGL
# environment
COMPUTERNAME = SK-20211221NQIF
 
# environment
 
PROGRAMFILES = C:\Program Files (x86)
# environment
DRIVERDATA = C:\Windows\System32\Drivers\DriverData
# environment
ASL.LOG = Destination=file
# environment
ORIGINAL_XDG_CURRENT_DESKTOP = undefined
# environment
USERNAME = Administrator
# environment
PUBLIC = C:\Users\Public
# environment
VSCODE_AMD_ENTRYPOINT = vs/workbench/api/node/extensionHostProcess
# environment
VSCODE_CODE_CACHE_PATH = C:\Users\Administrator\AppData\Roaming\Code\CachedData\e4503b30fc78200f846c62cf8091b76ff5547662
# environment
APPLICATION_INSIGHTS_NO_DIAGNOSTIC_CHANNEL = 1
# environment
COMMONPROGRAMFILES = C:\Program Files (x86)\Common Files
# environment
LOGONSERVER = \\SK-20211221NQIF
# environment
VSCODE_HANDLES_UNCAUGHT_ERRORS = true
# environment
USERDOMAIN = SK-20211221NQIF
# default
MAKE = $(MAKE_COMMAND)
# default
MAKECMDGOALS := all
# environment
JAVA_HOME = C:\Program Files\Java\jdk-17.0.2
# default
MAKE_VERSION := 3.81
 
# makefile
.DEFAULT_GOAL := 
# environment
PROGRAMFILES(X86) = C:\Program Files (x86)
# automatic
%D = $(patsubst %/,%,$(dir $%))
# environment
LOCALAPPDATA = C:\Users\Administrator\AppData\Local
# environment
PSMODULEPATH = C:\Program Files\WindowsPowerShell\Modules;C:\WINDOWS\system32\WindowsPowerShell\v1.0\Modules
# default
MAKE_COMMAND := make.exe
# environment
PROCESSOR_ARCHITEW6432 = AMD64
# default
.VARIABLES := 
# automatic
*F = $(notdir $*)
# environment
PROCESSOR_IDENTIFIER = Intel64 Family 6 Model 94 Stepping 3, GenuineIntel
# environment
OS = Windows_NT
# environment
VSCODE_IPC_HOOK = \\.\pipe\9e7283c68e6159fd1e9872b65f264be5-1.70.2-main-sock
# environment
HOMEPATH = \
# environment
COMMONPROGRAMFILES(X86) = C:\Program Files (x86)\Common Files
# environment
PROMPT = $P$G
# environment
MFLAGS = -Rrqp
# automatic
 
*D = $(patsubst %/,%,$(dir $*))
# environment
SYSTEMROOT = C:\WINDOWS
# automatic
+D = $(patsubst %/,%,$(dir $+))
# automatic
+F = $(notdir $+)
# environment
APPDATA = C:\Users\Administrator\AppData\Roaming
# environment
TEMP = /tmp
# environment
 
COMSPEC = C:\WINDOWS\system32\cmd.exe
# default
MAKEFILES := 
 
# automatic
<F = $(notdir $<)
# environment
 
LC_ALL = C
# automatic
^F = $(notdir $^)
# default
SUFFIXES := 
# environment
SYSTEMDRIVE = C:
# environment
SESSIONNAME = Console
# environment
PROCESSOR_REVISION = 5e03
# default
.INCLUDE_DIRS = /usr/include /usr/include
# environment
MAKELEVEL := 0
# environment
VULKAN_SDK = E:\VulkanSDK
# environment
LANG = C
# environment
PROCESSOR_LEVEL = 6
# environment
TERM = cygwin
# environment
FPS_BROWSER_APP_PROFILE_STRING = Internet Explorer
# environment
VSCODE_PID = 18992
# environment
USERDOMAIN_ROAMINGPROFILE = SK-20211221NQIF
# variable set hash-table stats:
# Load=90/1024=9%, Rehash=0, Collisions=9/112=8%

# Pattern-specific Variable Values

# No pattern-specific variable values.

# Directories
 

 
# . (device -13769, inode 411950): 7 files, no impossibilities.
 

# 7 files, no impossibilities in 1 directories.

# Implicit Rules

# No implicit rules.

# Files

# Not a target:
all:
#  Command-line target.
#  Implicit rule search has been done.
#  File does not exist.
#  File has not been updated.
# variable set hash-table stats:
# Load=0/32=0%, Rehash=0, Collisions=0/0=0%

# Not a target:
.SUFFIXES:
#  Implicit rule search has not been done.
#  Modification time never checked.
#  File has not been updated.

# Not a target:
Makefile:
#  A default, MAKEFILES, or -include/sinclude makefile.
#  Implicit rule search has been done.
#  File does not exist.
#  File has been updated.
#  Failed to be updated.
# variable set hash-table stats:
# Load=0/32=0%, Rehash=0, Collisions=0/0=0%

# Not a target:
makefile:
#  A default, MAKEFILES, or -include/sinclude makefile.
 
#  Implicit rule search has been done.
#  File does not exist.
#  File has been updated.
#  Failed to be updated.
# variable set hash-table stats:
# Load=0/32=0%, Rehash=0, Collisions=0/0=0%

# Not a target:
.DEFAULT:
#  Implicit rule search has not been done.
#  Modification time never checked.
#  File has not been updated.

# Not a target:
GNUmakefile:
#  A default, MAKEFILES, or -include/sinclude makefile.
 
#  Implicit rule search has been done.
#  File does not exist.
#  File has been updated.
#  Failed to be updated.
# variable set hash-table stats:
# Load=0/32=0%, Rehash=0, Collisions=0/0=0%

# files hash-table stats:
# Load=6/1024=1%, Rehash=0, Collisions=0/16=0%
# VPATH Search Paths

# No `vpath' search paths.

# No general (`VPATH' variable) search path.

# # of strings in strcache: 0
# # of strcache buffers: 0
# strcache size: total = 0 / max = 0 / min = 4096 / avg = 0
# strcache free: total = 0 / max = 0 / min = 4096 / avg = 0
 

 
# Finished Make data base on Thu Sep  1 21:46:09 2022

 
